<?xml version="1.0" encoding="UTF-8"?>
<coverage generated="1782327830488" clover="3.2.0">
  <project timestamp="1782327830488" name="All files">
    <metrics statements="27" coveredstatements="27" conditionals="21" coveredconditionals="17" methods="7" coveredmethods="7" elements="55" coveredelements="51" complexity="0" loc="27" ncloc="27" packages="3" files="3" classes="3"/>
    <package name="modules.documents">
      <metrics statements="8" coveredstatements="8" conditionals="12" coveredconditionals="9" methods="1" coveredmethods="1"/>
      <file name="templates.ts" path="C:\Users\Usuário\Desktop\startup-booster-hub-backup\startup-booster-backup\startup-booster-hub\src\modules\documents\templates.ts">
        <metrics statements="8" coveredstatements="8" conditionals="12" coveredconditionals="9" methods="1" coveredmethods="1"/>
        <line num="1" count="1" type="stmt"/>
        <line num="13" count="1" type="stmt"/>
        <line num="14" count="3" type="stmt"/>
        <line num="23" count="3" type="cond" truecount="1" falsecount="0"/>
        <line num="24" count="1" type="stmt"/>
        <line num="33" count="2" type="cond" truecount="1" falsecount="0"/>
        <line num="34" count="1" type="stmt"/>
        <line num="45" count="1" type="stmt"/>
      </file>
    </package>
    <package name="shared.cache">
      <metrics statements="12" coveredstatements="12" conditionals="5" coveredconditionals="4" methods="4" coveredmethods="4"/>
      <file name="memory-cache.ts" path="C:\Users\Usuário\Desktop\startup-booster-hub-backup\startup-booster-backup\startup-booster-hub\src\shared\cache\memory-cache.ts">
        <metrics statements="12" coveredstatements="12" conditionals="5" coveredconditionals="4" methods="4" coveredmethods="4"/>
        <line num="2" count="1" type="stmt"/>
        <line num="3" count="1" type="stmt"/>
        <line num="10" count="1" type="stmt"/>
        <line num="11" count="2" type="stmt"/>
        <line num="14" count="2" type="stmt"/>
        <line num="16" count="2" type="cond" truecount="3" falsecount="0"/>
        <line num="17" count="1" type="stmt"/>
        <line num="18" count="1" type="stmt"/>
        <line num="21" count="1" type="stmt"/>
        <line num="25" count="2" type="stmt"/>
        <line num="32" count="1" type="stmt"/>
        <line num="36" count="1" type="cond" truecount="1" falsecount="1"/>
      </file>
    </package>
    <package name="utils">
      <metrics statements="7" coveredstatements="7" conditionals="4" coveredconditionals="4" methods="2" coveredmethods="2"/>
      <file name="pagination.ts" path="C:\Users\Usuário\Desktop\startup-booster-hub-backup\startup-booster-backup\startup-booster-hub\src\utils\pagination.ts">
        <metrics statements="7" coveredstatements="7" conditionals="4" coveredconditionals="4" methods="2" coveredmethods="2"/>
        <line num="6" count="1" type="stmt"/>
        <line num="7" count="3" type="cond" truecount="2" falsecount="0"/>
        <line num="8" count="3" type="cond" truecount="2" falsecount="0"/>
        <line num="10" count="3" type="stmt"/>
        <line num="18" count="1" type="stmt"/>
        <line num="19" count="1" type="stmt"/>
        <line num="21" count="1" type="stmt"/>
      </file>
    </package>
  </project>
</coverage>
