{"C:\\Users\\Usuário\\Desktop\\startup-booster-hub-backup\\startup-booster-backup\\startup-booster-hub\\src\\modules\\documents\\templates.ts": {"path":"C:\\Users\\Usuário\\Desktop\\startup-booster-hub-backup\\startup-booster-backup\\startup-booster-hub\\src\\modules\\documents\\templates.ts","statementMap":{"0":{"start":{"line":13,"column":0},"end":{"line":13,"column":16}},"1":{"start":{"line":1,"column":0},"end":{"line":1,"column":45}},"2":{"start":{"line":14,"column":22},"end":{"line":21,"column":null}},"3":{"start":{"line":23,"column":2},"end":{"line":31,"column":3}},"4":{"start":{"line":24,"column":4},"end":{"line":30,"column":null}},"5":{"start":{"line":33,"column":2},"end":{"line":43,"column":3}},"6":{"start":{"line":34,"column":4},"end":{"line":42,"column":null}},"7":{"start":{"line":45,"column":2},"end":{"line":53,"column":null}}},"fnMap":{"0":{"name":"renderDocumentTemplate","decl":{"start":{"line":13,"column":16},"end":{"line":13,"column":38}},"loc":{"start":{"line":13,"column":83},"end":{"line":54,"column":1}}}},"branchMap":{"0":{"loc":{"start":{"line":23,"column":2},"end":{"line":31,"column":3}},"type":"if","locations":[{"start":{"line":23,"column":2},"end":{"line":31,"column":3}}]},"1":{"loc":{"start":{"line":33,"column":2},"end":{"line":43,"column":3}},"type":"if","locations":[{"start":{"line":33,"column":2},"end":{"line":43,"column":3}}]},"2":{"loc":{"start":{"line":38,"column":26},"end":{"line":38,"column":68}},"type":"binary-expr","locations":[{"start":{"line":38,"column":26},"end":{"line":38,"column":49}},{"start":{"line":38,"column":53},"end":{"line":38,"column":68}}]},"3":{"loc":{"start":{"line":39,"column":28},"end":{"line":39,"column":72}},"type":"binary-expr","locations":[{"start":{"line":39,"column":28},"end":{"line":39,"column":53}},{"start":{"line":39,"column":57},"end":{"line":39,"column":72}}]},"4":{"loc":{"start":{"line":49,"column":24},"end":{"line":49,"column":96}},"type":"binary-expr","locations":[{"start":{"line":49,"column":24},"end":{"line":49,"column":47}},{"start":{"line":49,"column":51},"end":{"line":49,"column":77}},{"start":{"line":49,"column":81},"end":{"line":49,"column":96}}]},"5":{"loc":{"start":{"line":50,"column":31},"end":{"line":50,"column":108}},"type":"binary-expr","locations":[{"start":{"line":50,"column":31},"end":{"line":50,"column":60}},{"start":{"line":50,"column":64},"end":{"line":50,"column":89}},{"start":{"line":50,"column":93},"end":{"line":50,"column":108}}]}},"s":{"0":1,"1":1,"2":3,"3":3,"4":1,"5":2,"6":1,"7":1},"f":{"0":3},"b":{"0":[1],"1":[1],"2":[1,0],"3":[1,1],"4":[1,0,0],"5":[1,1,1]}}
,"C:\\Users\\Usuário\\Desktop\\startup-booster-hub-backup\\startup-booster-backup\\startup-booster-hub\\src\\shared\\cache\\memory-cache.ts": {"path":"C:\\Users\\Usuário\\Desktop\\startup-booster-hub-backup\\startup-booster-backup\\startup-booster-hub\\src\\shared\\cache\\memory-cache.ts","statementMap":{"0":{"start":{"line":2,"column":0},"end":{"line":2,"column":38}},"1":{"start":{"line":3,"column":0},"end":{"line":3,"column":50}},"2":{"start":{"line":11,"column":10},"end":{"line":11,"column":null}},"3":{"start":{"line":14,"column":18},"end":{"line":14,"column":37}},"4":{"start":{"line":16,"column":4},"end":{"line":19,"column":5}},"5":{"start":{"line":17,"column":6},"end":{"line":17,"column":null}},"6":{"start":{"line":18,"column":6},"end":{"line":18,"column":null}},"7":{"start":{"line":21,"column":4},"end":{"line":21,"column":null}},"8":{"start":{"line":25,"column":4},"end":{"line":28,"column":null}},"9":{"start":{"line":32,"column":4},"end":{"line":32,"column":null}},"10":{"start":{"line":10,"column":0},"end":{"line":10,"column":13}},"11":{"start":{"line":36,"column":13},"end":{"line":36,"column":null}}},"fnMap":{"0":{"name":"(anonymous_0)","decl":{"start":{"line":10,"column":0},"end":{"line":10,"column":13}},"loc":{"start":{"line":10,"column":0},"end":{"line":34,"column":1}}},"1":{"name":"(anonymous_1)","decl":{"start":{"line":13,"column":2},"end":{"line":13,"column":7}},"loc":{"start":{"line":13,"column":31},"end":{"line":22,"column":3}}},"2":{"name":"(anonymous_2)","decl":{"start":{"line":24,"column":2},"end":{"line":24,"column":7}},"loc":{"start":{"line":24,"column":69},"end":{"line":29,"column":3}}},"3":{"name":"(anonymous_3)","decl":{"start":{"line":31,"column":2},"end":{"line":31,"column":7}},"loc":{"start":{"line":31,"column":26},"end":{"line":33,"column":3}}}},"branchMap":{"0":{"loc":{"start":{"line":16,"column":4},"end":{"line":19,"column":5}},"type":"if","locations":[{"start":{"line":16,"column":4},"end":{"line":19,"column":5}}]},"1":{"loc":{"start":{"line":16,"column":8},"end":{"line":16,"column":47}},"type":"binary-expr","locations":[{"start":{"line":16,"column":8},"end":{"line":16,"column":14}},{"start":{"line":16,"column":18},"end":{"line":16,"column":47}}]},"2":{"loc":{"start":{"line":36,"column":21},"end":{"line":36,"column":102}},"type":"cond-expr","locations":[{"start":{"line":36,"column":37},"end":{"line":36,"column":74}},{"start":{"line":36,"column":77},"end":{"line":36,"column":102}}]}},"s":{"0":1,"1":1,"2":2,"3":2,"4":2,"5":1,"6":1,"7":1,"8":2,"9":1,"10":1,"11":1},"f":{"0":2,"1":2,"2":2,"3":1},"b":{"0":[1],"1":[2,1],"2":[1,0]}}
,"C:\\Users\\Usuário\\Desktop\\startup-booster-hub-backup\\startup-booster-backup\\startup-booster-hub\\src\\utils\\pagination.ts": {"path":"C:\\Users\\Usuário\\Desktop\\startup-booster-hub-backup\\startup-booster-backup\\startup-booster-hub\\src\\utils\\pagination.ts","statementMap":{"0":{"start":{"line":6,"column":0},"end":{"line":6,"column":16}},"1":{"start":{"line":18,"column":0},"end":{"line":18,"column":16}},"2":{"start":{"line":7,"column":15},"end":{"line":7,"column":43}},"3":{"start":{"line":8,"column":18},"end":{"line":8,"column":65}},"4":{"start":{"line":10,"column":2},"end":{"line":15,"column":null}},"5":{"start":{"line":19,"column":28},"end":{"line":19,"column":48}},"6":{"start":{"line":21,"column":2},"end":{"line":26,"column":null}}},"fnMap":{"0":{"name":"getPagination","decl":{"start":{"line":6,"column":16},"end":{"line":6,"column":29}},"loc":{"start":{"line":6,"column":52},"end":{"line":16,"column":1}}},"1":{"name":"getPaginationMeta","decl":{"start":{"line":18,"column":16},"end":{"line":18,"column":33}},"loc":{"start":{"line":18,"column":71},"end":{"line":27,"column":1}}}},"branchMap":{"0":{"loc":{"start":{"line":7,"column":24},"end":{"line":7,"column":39}},"type":"binary-expr","locations":[{"start":{"line":7,"column":24},"end":{"line":7,"column":34}},{"start":{"line":7,"column":38},"end":{"line":7,"column":39}}]},"1":{"loc":{"start":{"line":8,"column":36},"end":{"line":8,"column":55}},"type":"binary-expr","locations":[{"start":{"line":8,"column":36},"end":{"line":8,"column":49}},{"start":{"line":8,"column":53},"end":{"line":8,"column":55}}]}},"s":{"0":1,"1":1,"2":3,"3":3,"4":3,"5":1,"6":1},"f":{"0":3,"1":1},"b":{"0":[3,1],"1":[3,1]}}
}
