TN:
SF:src\modules\documents\templates.ts
FN:13,renderDocumentTemplate
FNF:1
FNH:1
FNDA:3,renderDocumentTemplate
DA:1,1
DA:13,1
DA:14,3
DA:23,3
DA:24,1
DA:33,2
DA:34,1
DA:45,1
LF:8
LH:8
BRDA:23,0,0,1
BRDA:33,1,0,1
BRDA:38,2,0,1
BRDA:38,2,1,0
BRDA:39,3,0,1
BRDA:39,3,1,1
BRDA:49,4,0,1
BRDA:49,4,1,0
BRDA:49,4,2,0
BRDA:50,5,0,1
BRDA:50,5,1,1
BRDA:50,5,2,1
BRF:12
BRH:9
end_of_record
TN:
SF:src\shared\cache\memory-cache.ts
FN:10,(anonymous_0)
FN:13,(anonymous_1)
FN:24,(anonymous_2)
FN:31,(anonymous_3)
FNF:4
FNH:4
FNDA:2,(anonymous_0)
FNDA:2,(anonymous_1)
FNDA:2,(anonymous_2)
FNDA:1,(anonymous_3)
DA:2,1
DA:3,1
DA:10,1
DA:11,2
DA:14,2
DA:16,2
DA:17,1
DA:18,1
DA:21,1
DA:25,2
DA:32,1
DA:36,1
LF:12
LH:12
BRDA:16,0,0,1
BRDA:16,1,0,2
BRDA:16,1,1,1
BRDA:36,2,0,1
BRDA:36,2,1,0
BRF:5
BRH:4
end_of_record
TN:
SF:src\utils\pagination.ts
FN:6,getPagination
FN:18,getPaginationMeta
FNF:2
FNH:2
FNDA:3,getPagination
FNDA:1,getPaginationMeta
DA:6,1
DA:7,3
DA:8,3
DA:10,3
DA:18,1
DA:19,1
DA:21,1
LF:7
LH:7
BRDA:7,0,0,3
BRDA:7,0,1,1
BRDA:8,1,0,3
BRDA:8,1,1,1
BRF:4
BRH:4
end_of_record
